<?xml version="1.0" encoding="UTF-8"?>
<!-- Generated by org.testng.reporters.JUnitXMLReporter -->
<testsuite ignored="0" hostname="LAPTOP-CJBVQPDK" failures="0" tests="3" name="Test" time="15.303" errors="0" timestamp="2023-08-03T11:11:48 CEST">
  <testcase classname="ecom_Project.Flipcart" name="flipcarttest" time="9.69"/>
  <testcase classname="ecom_Project.Amazon" name="amazontest" time="2.551"/>
  <testcase classname="ecom_Project.Ebay" name="ebaytest" time="3.03"/>
</testsuite> <!-- Test -->
